<?xml version="1.0" encoding="UTF-8"?>
<!-- Generated by org.testng.reporters.JUnitReportReporter -->
<testsuite skipped="0" hostname="DESKTOP-J8EK6JD" name="SeleniumOperations.SeleniumOperations.ScrollbarDemo" tests="1" failures="0" timestamp="2021-09-19T23:31:50 IST" time="6.983" errors="0">
  <testcase name="scrollDemo" time="6.983" classname="SeleniumOperations.SeleniumOperations.ScrollbarDemo"/>
  <system-out/>
</testsuite> <!-- SeleniumOperations.SeleniumOperations.ScrollbarDemo -->
