<?xml version="1.0" encoding="UTF-8"?>
<!-- Generated by org.testng.reporters.JUnitReportReporter -->
<testsuite skipped="0" hostname="DESKTOP-J8EK6JD" name="SeleniumOperations.SeleniumOperations.DatePicker" tests="1" failures="0" timestamp="2021-09-21T00:19:04 IST" time="13.960" errors="0">
  <testcase name="datePicker" time="13.960" classname="SeleniumOperations.SeleniumOperations.DatePicker"/>
  <system-out/>
</testsuite> <!-- SeleniumOperations.SeleniumOperations.DatePicker -->
