<?xml version="1.0" encoding="UTF-8"?>
<!-- Generated by org.testng.reporters.JUnitReportReporter -->
<testsuite skipped="0" hostname="DESKTOP-J8EK6JD" name="SeleniumOperations.SeleniumOperations.Login" tests="1" failures="0" timestamp="2021-09-19T22:51:32 IST" time="6.333" errors="0">
  <testcase name="login" time="6.333" classname="SeleniumOperations.SeleniumOperations.Login"/>
  <system-out/>
</testsuite> <!-- SeleniumOperations.SeleniumOperations.Login -->
