<?xml version="1.0" encoding="UTF-8"?>
<!-- Generated by org.testng.reporters.JUnitReportReporter -->
<testsuite skipped="0" hostname="DESKTOP-J8EK6JD" name="SeleniumOperations.SeleniumOperations.DragnDrop" tests="1" failures="0" timestamp="2021-09-21T00:01:42 IST" time="9.179" errors="0">
  <testcase name="dragdrop" time="9.179" classname="SeleniumOperations.SeleniumOperations.DragnDrop"/>
  <system-out/>
</testsuite> <!-- SeleniumOperations.SeleniumOperations.DragnDrop -->
