<?xml version="1.0" encoding="UTF-8"?>
<!-- Generated by org.testng.reporters.JUnitReportReporter -->
<testsuite skipped="0" hostname="DESKTOP-J8EK6JD" name="SeleniumOperations.SeleniumOperations.cookiesDemo" tests="1" failures="0" timestamp="2021-09-19T23:51:36 IST" time="6.744" errors="0">
  <testcase name="cookieDemo" time="6.744" classname="SeleniumOperations.SeleniumOperations.cookiesDemo"/>
  <system-out/>
</testsuite> <!-- SeleniumOperations.SeleniumOperations.cookiesDemo -->
