<?xml version="1.0" encoding="UTF-8"?>
<!-- Generated by org.testng.reporters.JUnitReportReporter -->
<testsuite skipped="0" hostname="DESKTOP-J8EK6JD" name="SeleniumOperations.SeleniumOperations.AjaxDemo" tests="1" failures="0" timestamp="2021-09-19T00:21:25 IST" time="4.026" errors="0">
  <testcase name="Ajax" time="4.026" classname="SeleniumOperations.SeleniumOperations.AjaxDemo"/>
  <system-out/>
</testsuite> <!-- SeleniumOperations.SeleniumOperations.AjaxDemo -->
