<?xml version="1.0" encoding="UTF-8"?>
<!-- Generated by org.testng.reporters.JUnitReportReporter -->
<testsuite skipped="0" hostname="DESKTOP-J8EK6JD" name="SeleniumOperations.SeleniumOperations.FileUpload" tests="1" failures="0" timestamp="2021-09-19T20:36:03 IST" time="4.191" errors="0">
  <testcase name="upload" time="4.191" classname="SeleniumOperations.SeleniumOperations.FileUpload"/>
  <system-out/>
</testsuite> <!-- SeleniumOperations.SeleniumOperations.FileUpload -->
