<?xml version="1.0" encoding="UTF-8"?>
<!-- Generated by org.testng.reporters.JUnitReportReporter -->
<testsuite skipped="0" hostname="DESKTOP-J8EK6JD" name="SeleniumOperations.SeleniumOperations.toolTip" tests="1" failures="0" timestamp="2021-09-19T13:03:53 IST" time="3.844" errors="0">
  <testcase name="toolTest" time="3.844" classname="SeleniumOperations.SeleniumOperations.toolTip"/>
  <system-out/>
</testsuite> <!-- SeleniumOperations.SeleniumOperations.toolTip -->
