<?xml version="1.0" encoding="UTF-8"?>
<!-- Generated by org.testng.reporters.JUnitReportReporter -->
<testsuite skipped="0" hostname="DESKTOP-J8EK6JD" name="SeleniumOperations.SeleniumOperations.tableDemo" tests="1" failures="0" timestamp="2021-09-18T18:04:58 IST" time="35.648" errors="0">
  <testcase name="tableTravserse" time="35.648" classname="SeleniumOperations.SeleniumOperations.tableDemo"/>
  <system-out/>
</testsuite> <!-- SeleniumOperations.SeleniumOperations.tableDemo -->
