<?xml version="1.0" encoding="UTF-8"?>
<!-- Generated by org.testng.reporters.JUnitReportReporter -->
<testsuite skipped="0" hostname="DESKTOP-J8EK6JD" name="SeleniumOperations.SeleniumOperations.AppTest" tests="1" failures="0" timestamp="2021-09-18T11:28:23 IST" time="0.015" errors="0">
  <testcase name="shouldAnswerWithTrue" time="0.015" classname="SeleniumOperations.SeleniumOperations.AppTest"/>
  <system-out/>
</testsuite> <!-- SeleniumOperations.SeleniumOperations.AppTest -->
